
ROM used: 3290 (10%)
          3290 (10%) including unused fragments

          2 Average locations per line
          8 Average locations per statement

RAM used: 390 (19%) at main() level
          411 (20%) worst case

Stack used: 6 worst case (out of 31 total available)

Lines Stmts  %   Files
----- ----- ---  -----
  489   158  38  main.c
   72     0   0  main.h
  430     0   0  C:\Program Files\PICC\devices\18F4550.h
  409   121  29  C:\Program Files\PICC\drivers\string.h
   28     0   0  C:\Program Files\PICC\drivers\stddef.h
   28     0   0  C:\Program Files\PICC\drivers\ctype.h
   69    22   5  HWManager.c
  271   116  28  Kernal.c
----- -----
 1796   417 Total

Page ROM  %  RAM   Vol Diff  Functions:
---- --- --- ---   --- ----  ----------
0     42   1   1             @delay_ms1
0      8   0   0             @PUTCHARI_BIU_1
0     60   1   5   129  4.6  strlen
0     42   1   2   136  3.5  RDA_isr
0     40   1   0   142  4.3  TBE_isr
0     72   1   7   220  4.8  HwSerialTxFIFO
0     20   0   1    48  0.8  HwPutc
0    856  13  10  4243 13.1  Kernal
0     36   1   0             @const200
0     36   1   0             @const201
0     36   1   0             @const202
0     36   1   0             @const203
0     36   1   0             @const204
0     36   1   0             @const205
0     36   1   0             @const206
0     36   1   0             @const207
0     34   1   0             @const208
0     44   1   3             @DIV88
0    220   3   6             @PRINTF_D_38400_31766_31767
0     34   1   0             @const215
0     54   1   3   129  2.6  QueLaserBuffer
0     40   1   3   136  3.5  ClearLaserTxBuffer
0     40   1   3   158  3.5  ClearLaserRxBuffer
0     34   1   3   126  1.3  ClearLaserSubString
0    238   4   0  1326  6.8  TimerInt
0    672  10   2  2398  9.3  MAIN
0     70   1   5             @DIV1616
0     38   1   0             @const246
0    166   3   6   581  6.7  ProcessSampleArray

Program metrics:
    Functions               13
    Statements              417
    Comments                567
    Volume (V)              13730
    Difficilty (D)          65.9
    Effort to implement (E) 905213
    Time to implement (T)   13 hours, 58 minutes
    Est Delivered Bugs (B)  3
    Cyclomatic Complexity   53
    Maintainability (MI)    42

 Segment     Used  Free
-----------  ----  ----
00000-00002     4  0  
00004-00006     0  4  
00008-000B4   174  0  
000B6-07FFE  3112  29474  



